INFO: kbplacer_plugin_action.py:73: Plugin version: 0.18
INFO: kbplacer_plugin_action.py:74: Python version: '3.11.5 (main, Jan 23 2026, 07:39:48) [MSC v.1944 64 bit (AMD64)]'
INFO: kbplacer_plugin_action.py:75: KiCad version: 10.0.4 with 4.2.2 msw (phoenix) wxWidgets 3.3.2
INFO: kbplacer_dialog.py:799: Language: en
INFO: kbplacer_plugin_action.py:83: GUI state: {"layout_path": "D:\\Code\\VNTR-65\\Hardware\\Layout\\keyboard-layout.json", "key_distance": [19.05, 19.05], "key_info": {"annotation_format": "U{}", "position_option": "Default", "position": {"x": 0.0, "y": 0.0, "orientation": 0.0, "side": "Front"}, "template_path": "", "start_index": 10}, "enable_diode_placement": false, "route_switches_with_diodes": false, "optimize_diodes_orientation": false, "diode_info": {"annotation_format": "D{}", "position_option": "Default", "position": {"x": 5.08, "y": 4.0, "orientation": 90.0, "side": "Back"}, "template_path": "", "start_index": -1}, "additional_elements": [{"annotation_format": "ST{}", "position_option": "Custom", "position": {"x": 0.0, "y": 0.0, "orientation": 0.0, "side": "Front"}, "template_path": "", "start_index": -1}], "route_rows_and_columns": false, "template_path": "", "generate_outline": false, "outline_delta": 0.0, "layout_offset": null}
WARNING: key_placer.py:137: Unexpected switch net position detected, each switch should have two unique nets unambiguously defining position in key matrix, switch-by-matrix association can't be used
DEBUG: key_placer.py:144: Switches by nets: {}
DEBUG: key_placer.py:148: Diodes by switch: {}
DEBUG: board_modifier.py:73: Searching for U10 footprint in D:/Code/VNTR-65/Hardware/PCB/VNTR-65.kicad_pcb
INFO: key_placer.py:625: Looking for connection template between U10 and other elements
DEBUG: board_modifier.py:132: Getting U10 footprint position: (38100000, 38100000)
INFO: key_placer.py:669: Got connection template: 
INFO: kle_serial.py:1038: User layout: [[{'c': '#f9f9f9'}, 'Esc', '!\n1', '@\n2', '#\n3', '$\n4', '%\n5', '^\n6', '&\n7', '*\n8', '(\n9', ')\n0', '_\n-', '+\n=', {'w': 2}, 'Backspace', {'x': 0.5}, 'Ins'], [{'w': 1.5}, 'Tab', 'Q', 'W', 'E', 'R', 'T', 'Y', 'U', 'I', 'O', 'P', '{\n[', '}\n]', {'w': 1.5}, '|\n\\', {'x': 0.5}, 'Del'], [{'w': 1.75}, 'Caps Lock', 'A', 'S', 'D', 'F', 'G', 'H', 'J', 'K', 'L', ':\n;', '"\n\'', {'w': 2.25}, 'Enter', {'x': 0.5}, 'PgUp'], [{'w': 2.25}, 'Shift', 'Z', 'X', 'C', 'V', 'B', 'N', 'M', '<\n,', '>\n.', '?\n/', {'w': 1.75}, 'Shift', 'Up', {'x': 0.5}, 'PgDn'], [{'w': 1.25}, 'Ctrl', {'w': 1.25}, 'Win', {'w': 1.25}, 'Alt', {'a': 7, 'w': 6.25}, '', {'a': 4}, 'Alt', 'Ctrl', 'Left', 'Down', 'Right']]
DEBUG: key_placer.py:757: Using key 1U distance: (19.05, 19.05) mm
DEBUG: key_placer.py:775: Layout offset: (28575000, 28575000)
DEBUG: kle_serial.py:1132: Layout with: x_ortholinear_keys=24, y_ortholinear_keys=67, rotated_keys=0, encoders=0, iso_enters=0 and unrecognized_shape_keys=0
DEBUG: kle_serial.py:1157: Layout tagged: [<KeyboardTag.ROW_STAGGERED: 2>]
DEBUG: board_modifier.py:119: Setting U10 footprint position: (38100000, 38100000)
DEBUG: board_modifier.py:119: Setting U11 footprint position: (57150000, 38100000)
DEBUG: board_modifier.py:119: Setting U12 footprint position: (76200000, 38100000)
DEBUG: board_modifier.py:119: Setting U13 footprint position: (95250000, 38100000)
DEBUG: board_modifier.py:119: Setting U14 footprint position: (114300000, 38100000)
DEBUG: board_modifier.py:119: Setting U15 footprint position: (133350000, 38100000)
DEBUG: board_modifier.py:119: Setting U16 footprint position: (152400000, 38100000)
DEBUG: board_modifier.py:119: Setting U17 footprint position: (171450000, 38100000)
DEBUG: board_modifier.py:119: Setting U18 footprint position: (190500000, 38100000)
DEBUG: board_modifier.py:119: Setting U19 footprint position: (209550000, 38100000)
DEBUG: board_modifier.py:119: Setting U20 footprint position: (228600000, 38100000)
DEBUG: board_modifier.py:119: Setting U21 footprint position: (247650000, 38100000)
DEBUG: board_modifier.py:119: Setting U22 footprint position: (266700000, 38100000)
DEBUG: board_modifier.py:119: Setting U23 footprint position: (295275000, 38100000)
DEBUG: board_modifier.py:119: Setting U24 footprint position: (333375000, 38100000)
DEBUG: board_modifier.py:119: Setting U25 footprint position: (42862500, 57150000)
DEBUG: board_modifier.py:119: Setting U26 footprint position: (66675000, 57150000)
DEBUG: board_modifier.py:119: Setting U27 footprint position: (85725000, 57150000)
DEBUG: board_modifier.py:119: Setting U28 footprint position: (104775000, 57150000)
DEBUG: board_modifier.py:119: Setting U29 footprint position: (123825000, 57150000)
DEBUG: board_modifier.py:119: Setting U30 footprint position: (142875000, 57150000)
DEBUG: board_modifier.py:119: Setting U31 footprint position: (161925000, 57150000)
DEBUG: board_modifier.py:119: Setting U32 footprint position: (180975000, 57150000)
DEBUG: board_modifier.py:119: Setting U33 footprint position: (200025000, 57150000)
DEBUG: board_modifier.py:119: Setting U34 footprint position: (219075000, 57150000)
DEBUG: board_modifier.py:119: Setting U35 footprint position: (238125000, 57150000)
DEBUG: board_modifier.py:119: Setting U36 footprint position: (257175000, 57150000)
DEBUG: board_modifier.py:119: Setting U37 footprint position: (276225000, 57150000)
DEBUG: board_modifier.py:119: Setting U38 footprint position: (300037500, 57150000)
DEBUG: board_modifier.py:119: Setting U39 footprint position: (333375000, 57150000)
DEBUG: board_modifier.py:119: Setting U40 footprint position: (45243750, 76200000)
DEBUG: board_modifier.py:119: Setting U41 footprint position: (71437500, 76200000)
DEBUG: board_modifier.py:119: Setting U42 footprint position: (90487500, 76200000)
DEBUG: board_modifier.py:119: Setting U43 footprint position: (109537500, 76200000)
DEBUG: board_modifier.py:119: Setting U44 footprint position: (128587500, 76200000)
DEBUG: board_modifier.py:119: Setting U45 footprint position: (147637500, 76200000)
DEBUG: board_modifier.py:119: Setting U46 footprint position: (166687500, 76200000)
DEBUG: board_modifier.py:119: Setting U47 footprint position: (185737500, 76200000)
DEBUG: board_modifier.py:119: Setting U48 footprint position: (204787500, 76200000)
DEBUG: board_modifier.py:119: Setting U49 footprint position: (223837500, 76200000)
DEBUG: board_modifier.py:119: Setting U50 footprint position: (242887500, 76200000)
DEBUG: board_modifier.py:119: Setting U51 footprint position: (261937500, 76200000)
DEBUG: board_modifier.py:119: Setting U52 footprint position: (292893750, 76200000)
DEBUG: board_modifier.py:119: Setting U53 footprint position: (333375000, 76200000)
DEBUG: board_modifier.py:119: Setting U54 footprint position: (50006250, 95250000)
DEBUG: board_modifier.py:119: Setting U55 footprint position: (80962500, 95250000)
DEBUG: board_modifier.py:119: Setting U56 footprint position: (100012500, 95250000)
DEBUG: board_modifier.py:119: Setting U57 footprint position: (119062500, 95250000)
DEBUG: board_modifier.py:119: Setting U58 footprint position: (138112500, 95250000)
DEBUG: board_modifier.py:119: Setting U59 footprint position: (157162500, 95250000)
DEBUG: board_modifier.py:119: Setting U60 footprint position: (176212500, 95250000)
DEBUG: board_modifier.py:119: Setting U61 footprint position: (195262500, 95250000)
DEBUG: board_modifier.py:119: Setting U62 footprint position: (214312500, 95250000)
DEBUG: board_modifier.py:119: Setting U63 footprint position: (233362500, 95250000)
DEBUG: board_modifier.py:119: Setting U64 footprint position: (252412500, 95250000)
DEBUG: board_modifier.py:119: Setting U65 footprint position: (278606250, 95250000)
DEBUG: board_modifier.py:119: Setting U66 footprint position: (304800000, 95250000)
DEBUG: board_modifier.py:119: Setting U67 footprint position: (333375000, 95250000)
DEBUG: board_modifier.py:119: Setting U68 footprint position: (40481250, 114300000)
DEBUG: board_modifier.py:119: Setting U69 footprint position: (64293750, 114300000)
DEBUG: board_modifier.py:119: Setting U70 footprint position: (88106250, 114300000)
DEBUG: board_modifier.py:119: Setting U71 footprint position: (159543750, 114300000)
DEBUG: board_modifier.py:119: Setting U72 footprint position: (228600000, 114300000)
DEBUG: board_modifier.py:119: Setting U73 footprint position: (247650000, 114300000)
DEBUG: board_modifier.py:119: Setting U74 footprint position: (266700000, 114300000)
DEBUG: board_modifier.py:119: Setting U75 footprint position: (285750000, 114300000)
DEBUG: board_modifier.py:119: Setting U76 footprint position: (304800000, 114300000)
INFO: key_placer.py:1188: Diode info: [ElementInfo(annotation_format='D{}', position_option=<PositionOption.UNCHANGED: 'Unchanged'>, position=ElementPosition(x=5.08, y=4.0, orientation=90.0, side=<Side.BACK: 'Back'>), template_path='', start_index=-1)]
DEBUG: key_placer.py:934: Placing additional elements for U77
DEBUG: board_modifier.py:132: Getting U77 footprint position: (323525000, 115025000)
DEBUG: board_modifier.py:84: Searching for optional ST77 footprint in D:/Code/VNTR-65/Hardware/PCB/VNTR-65.kicad_pcb
DEBUG: board_modifier.py:89: Footprint not found
DEBUG: key_placer.py:934: Placing additional elements for U56
DEBUG: board_modifier.py:132: Getting U56 footprint position: (100012500, 95250000)
DEBUG: board_modifier.py:84: Searching for optional ST56 footprint in D:/Code/VNTR-65/Hardware/PCB/VNTR-65.kicad_pcb
DEBUG: board_modifier.py:89: Footprint not found
DEBUG: key_placer.py:934: Placing additional elements for U61
DEBUG: board_modifier.py:132: Getting U61 footprint position: (195262500, 95250000)
DEBUG: board_modifier.py:84: Searching for optional ST61 footprint in D:/Code/VNTR-65/Hardware/PCB/VNTR-65.kicad_pcb
DEBUG: board_modifier.py:89: Footprint not found
DEBUG: key_placer.py:934: Placing additional elements for U17
DEBUG: board_modifier.py:132: Getting U17 footprint position: (171450000, 38100000)
DEBUG: board_modifier.py:84: Searching for optional ST17 footprint in D:/Code/VNTR-65/Hardware/PCB/VNTR-65.kicad_pcb
DEBUG: board_modifier.py:89: Footprint not found
DEBUG: key_placer.py:934: Placing additional elements for U52
DEBUG: board_modifier.py:132: Getting U52 footprint position: (292893750, 76200000)
DEBUG: board_modifier.py:84: Searching for optional ST52 footprint in D:/Code/VNTR-65/Hardware/PCB/VNTR-65.kicad_pcb
DEBUG: board_modifier.py:89: Footprint not found
DEBUG: key_placer.py:934: Placing additional elements for U75
DEBUG: board_modifier.py:132: Getting U75 footprint position: (285750000, 114300000)
DEBUG: board_modifier.py:84: Searching for optional ST75 footprint in D:/Code/VNTR-65/Hardware/PCB/VNTR-65.kicad_pcb
DEBUG: board_modifier.py:89: Footprint not found
DEBUG: key_placer.py:934: Placing additional elements for U46
DEBUG: board_modifier.py:132: Getting U46 footprint position: (166687500, 76200000)
DEBUG: board_modifier.py:84: Searching for optional ST46 footprint in D:/Code/VNTR-65/Hardware/PCB/VNTR-65.kicad_pcb
DEBUG: board_modifier.py:89: Footprint not found
DEBUG: key_placer.py:934: Placing additional elements for U33
DEBUG: board_modifier.py:132: Getting U33 footprint position: (200025000, 57150000)
DEBUG: board_modifier.py:84: Searching for optional ST33 footprint in D:/Code/VNTR-65/Hardware/PCB/VNTR-65.kicad_pcb
DEBUG: board_modifier.py:89: Footprint not found
DEBUG: key_placer.py:934: Placing additional elements for U68
DEBUG: board_modifier.py:132: Getting U68 footprint position: (40481250, 114300000)
DEBUG: board_modifier.py:84: Searching for optional ST68 footprint in D:/Code/VNTR-65/Hardware/PCB/VNTR-65.kicad_pcb
DEBUG: board_modifier.py:89: Footprint not found
DEBUG: key_placer.py:934: Placing additional elements for U22
DEBUG: board_modifier.py:132: Getting U22 footprint position: (266700000, 38100000)
DEBUG: board_modifier.py:84: Searching for optional ST22 footprint in D:/Code/VNTR-65/Hardware/PCB/VNTR-65.kicad_pcb
DEBUG: board_modifier.py:89: Footprint not found
DEBUG: key_placer.py:934: Placing additional elements for U24
DEBUG: board_modifier.py:132: Getting U24 footprint position: (333375000, 38100000)
DEBUG: board_modifier.py:84: Searching for optional ST24 footprint in D:/Code/VNTR-65/Hardware/PCB/VNTR-65.kicad_pcb
DEBUG: board_modifier.py:89: Footprint not found
DEBUG: key_placer.py:934: Placing additional elements for U62
DEBUG: board_modifier.py:132: Getting U62 footprint position: (214312500, 95250000)
DEBUG: board_modifier.py:84: Searching for optional ST62 footprint in D:/Code/VNTR-65/Hardware/PCB/VNTR-65.kicad_pcb
DEBUG: board_modifier.py:89: Footprint not found
DEBUG: key_placer.py:934: Placing additional elements for U47
DEBUG: board_modifier.py:132: Getting U47 footprint position: (185737500, 76200000)
DEBUG: board_modifier.py:84: Searching for optional ST47 footprint in D:/Code/VNTR-65/Hardware/PCB/VNTR-65.kicad_pcb
DEBUG: board_modifier.py:89: Footprint not found
DEBUG: key_placer.py:934: Placing additional elements for U9
DEBUG: board_modifier.py:132: Getting U9 footprint position: (353500000, 105500000)
DEBUG: board_modifier.py:84: Searching for optional ST9 footprint in D:/Code/VNTR-65/Hardware/PCB/VNTR-65.kicad_pcb
DEBUG: board_modifier.py:89: Footprint not found
DEBUG: key_placer.py:934: Placing additional elements for U49
DEBUG: board_modifier.py:132: Getting U49 footprint position: (223837500, 76200000)
DEBUG: board_modifier.py:84: Searching for optional ST49 footprint in D:/Code/VNTR-65/Hardware/PCB/VNTR-65.kicad_pcb
DEBUG: board_modifier.py:89: Footprint not found
DEBUG: key_placer.py:934: Placing additional elements for U23
DEBUG: board_modifier.py:132: Getting U23 footprint position: (295275000, 38100000)
DEBUG: board_modifier.py:84: Searching for optional ST23 footprint in D:/Code/VNTR-65/Hardware/PCB/VNTR-65.kicad_pcb
DEBUG: board_modifier.py:89: Footprint not found
DEBUG: key_placer.py:934: Placing additional elements for U53
DEBUG: board_modifier.py:132: Getting U53 footprint position: (333375000, 76200000)
DEBUG: board_modifier.py:84: Searching for optional ST53 footprint in D:/Code/VNTR-65/Hardware/PCB/VNTR-65.kicad_pcb
DEBUG: board_modifier.py:89: Footprint not found
DEBUG: key_placer.py:934: Placing additional elements for U50
DEBUG: board_modifier.py:132: Getting U50 footprint position: (242887500, 76200000)
DEBUG: board_modifier.py:84: Searching for optional ST50 footprint in D:/Code/VNTR-65/Hardware/PCB/VNTR-65.kicad_pcb
DEBUG: board_modifier.py:89: Footprint not found
DEBUG: key_placer.py:934: Placing additional elements for U15
DEBUG: board_modifier.py:132: Getting U15 footprint position: (133350000, 38100000)
DEBUG: board_modifier.py:84: Searching for optional ST15 footprint in D:/Code/VNTR-65/Hardware/PCB/VNTR-65.kicad_pcb
DEBUG: board_modifier.py:89: Footprint not found
DEBUG: key_placer.py:934: Placing additional elements for U28
DEBUG: board_modifier.py:132: Getting U28 footprint position: (104775000, 57150000)
DEBUG: board_modifier.py:84: Searching for optional ST28 footprint in D:/Code/VNTR-65/Hardware/PCB/VNTR-65.kicad_pcb
DEBUG: board_modifier.py:89: Footprint not found
DEBUG: key_placer.py:934: Placing additional elements for U41
DEBUG: board_modifier.py:132: Getting U41 footprint position: (71437500, 76200000)
DEBUG: board_modifier.py:84: Searching for optional ST41 footprint in D:/Code/VNTR-65/Hardware/PCB/VNTR-65.kicad_pcb
DEBUG: board_modifier.py:89: Footprint not found
DEBUG: key_placer.py:934: Placing additional elements for U74
DEBUG: board_modifier.py:132: Getting U74 footprint position: (266700000, 114300000)
DEBUG: board_modifier.py:84: Searching for optional ST74 footprint in D:/Code/VNTR-65/Hardware/PCB/VNTR-65.kicad_pcb
DEBUG: board_modifier.py:89: Footprint not found
DEBUG: key_placer.py:934: Placing additional elements for U19
DEBUG: board_modifier.py:132: Getting U19 footprint position: (209550000, 38100000)
DEBUG: board_modifier.py:84: Searching for optional ST19 footprint in D:/Code/VNTR-65/Hardware/PCB/VNTR-65.kicad_pcb
DEBUG: board_modifier.py:89: Footprint not found
DEBUG: key_placer.py:934: Placing additional elements for U26
DEBUG: board_modifier.py:132: Getting U26 footprint position: (66675000, 57150000)
DEBUG: board_modifier.py:84: Searching for optional ST26 footprint in D:/Code/VNTR-65/Hardware/PCB/VNTR-65.kicad_pcb
DEBUG: board_modifier.py:89: Footprint not found
DEBUG: key_placer.py:934: Placing additional elements for U12
DEBUG: board_modifier.py:132: Getting U12 footprint position: (76200000, 38100000)
DEBUG: board_modifier.py:84: Searching for optional ST12 footprint in D:/Code/VNTR-65/Hardware/PCB/VNTR-65.kicad_pcb
DEBUG: board_modifier.py:89: Footprint not found
DEBUG: key_placer.py:934: Placing additional elements for U1
DEBUG: board_modifier.py:132: Getting U1 footprint position: (165490000, 8790000)
DEBUG: board_modifier.py:84: Searching for optional ST1 footprint in D:/Code/VNTR-65/Hardware/PCB/VNTR-65.kicad_pcb
DEBUG: board_modifier.py:89: Footprint not found
DEBUG: key_placer.py:934: Placing additional elements for U16
DEBUG: board_modifier.py:132: Getting U16 footprint position: (152400000, 38100000)
DEBUG: board_modifier.py:84: Searching for optional ST16 footprint in D:/Code/VNTR-65/Hardware/PCB/VNTR-65.kicad_pcb
DEBUG: board_modifier.py:89: Footprint not found
DEBUG: key_placer.py:934: Placing additional elements for U64
DEBUG: board_modifier.py:132: Getting U64 footprint position: (252412500, 95250000)
DEBUG: board_modifier.py:84: Searching for optional ST64 footprint in D:/Code/VNTR-65/Hardware/PCB/VNTR-65.kicad_pcb
DEBUG: board_modifier.py:89: Footprint not found
DEBUG: key_placer.py:934: Placing additional elements for U6
DEBUG: board_modifier.py:132: Getting U6 footprint position: (140455000, 12350000)
DEBUG: board_modifier.py:84: Searching for optional ST6 footprint in D:/Code/VNTR-65/Hardware/PCB/VNTR-65.kicad_pcb
DEBUG: board_modifier.py:89: Footprint not found
DEBUG: key_placer.py:934: Placing additional elements for U44
DEBUG: board_modifier.py:132: Getting U44 footprint position: (128587500, 76200000)
DEBUG: board_modifier.py:84: Searching for optional ST44 footprint in D:/Code/VNTR-65/Hardware/PCB/VNTR-65.kicad_pcb
DEBUG: board_modifier.py:89: Footprint not found
DEBUG: key_placer.py:934: Placing additional elements for U5
DEBUG: board_modifier.py:132: Getting U5 footprint position: (122805000, 12905000)
DEBUG: board_modifier.py:84: Searching for optional ST5 footprint in D:/Code/VNTR-65/Hardware/PCB/VNTR-65.kicad_pcb
DEBUG: board_modifier.py:89: Footprint not found
DEBUG: key_placer.py:934: Placing additional elements for U76
DEBUG: board_modifier.py:132: Getting U76 footprint position: (304800000, 114300000)
DEBUG: board_modifier.py:84: Searching for optional ST76 footprint in D:/Code/VNTR-65/Hardware/PCB/VNTR-65.kicad_pcb
DEBUG: board_modifier.py:89: Footprint not found
DEBUG: key_placer.py:934: Placing additional elements for U69
DEBUG: board_modifier.py:132: Getting U69 footprint position: (64293750, 114300000)
DEBUG: board_modifier.py:84: Searching for optional ST69 footprint in D:/Code/VNTR-65/Hardware/PCB/VNTR-65.kicad_pcb
DEBUG: board_modifier.py:89: Footprint not found
DEBUG: key_placer.py:934: Placing additional elements for U40
DEBUG: board_modifier.py:132: Getting U40 footprint position: (45243750, 76200000)
DEBUG: board_modifier.py:84: Searching for optional ST40 footprint in D:/Code/VNTR-65/Hardware/PCB/VNTR-65.kicad_pcb
DEBUG: board_modifier.py:89: Footprint not found
DEBUG: key_placer.py:934: Placing additional elements for U4
DEBUG: board_modifier.py:132: Getting U4 footprint position: (170352500, 16710000)
DEBUG: board_modifier.py:84: Searching for optional ST4 footprint in D:/Code/VNTR-65/Hardware/PCB/VNTR-65.kicad_pcb
DEBUG: board_modifier.py:89: Footprint not found
DEBUG: key_placer.py:934: Placing additional elements for U51
DEBUG: board_modifier.py:132: Getting U51 footprint position: (261937500, 76200000)
DEBUG: board_modifier.py:84: Searching for optional ST51 footprint in D:/Code/VNTR-65/Hardware/PCB/VNTR-65.kicad_pcb
DEBUG: board_modifier.py:89: Footprint not found
DEBUG: key_placer.py:934: Placing additional elements for U38
DEBUG: board_modifier.py:132: Getting U38 footprint position: (300037500, 57150000)
DEBUG: board_modifier.py:84: Searching for optional ST38 footprint in D:/Code/VNTR-65/Hardware/PCB/VNTR-65.kicad_pcb
DEBUG: board_modifier.py:89: Footprint not found
DEBUG: key_placer.py:934: Placing additional elements for U8
DEBUG: board_modifier.py:132: Getting U8 footprint position: (314285000, 106350000)
DEBUG: board_modifier.py:84: Searching for optional ST8 footprint in D:/Code/VNTR-65/Hardware/PCB/VNTR-65.kicad_pcb
DEBUG: board_modifier.py:89: Footprint not found
DEBUG: key_placer.py:934: Placing additional elements for U14
DEBUG: board_modifier.py:132: Getting U14 footprint position: (114300000, 38100000)
DEBUG: board_modifier.py:84: Searching for optional ST14 footprint in D:/Code/VNTR-65/Hardware/PCB/VNTR-65.kicad_pcb
DEBUG: board_modifier.py:89: Footprint not found
DEBUG: key_placer.py:934: Placing additional elements for U32
DEBUG: board_modifier.py:132: Getting U32 footprint position: (180975000, 57150000)
DEBUG: board_modifier.py:84: Searching for optional ST32 footprint in D:/Code/VNTR-65/Hardware/PCB/VNTR-65.kicad_pcb
DEBUG: board_modifier.py:89: Footprint not found
DEBUG: key_placer.py:934: Placing additional elements for U31
DEBUG: board_modifier.py:132: Getting U31 footprint position: (161925000, 57150000)
DEBUG: board_modifier.py:84: Searching for optional ST31 footprint in D:/Code/VNTR-65/Hardware/PCB/VNTR-65.kicad_pcb
DEBUG: board_modifier.py:89: Footprint not found
DEBUG: key_placer.py:934: Placing additional elements for U37
DEBUG: board_modifier.py:132: Getting U37 footprint position: (276225000, 57150000)
DEBUG: board_modifier.py:84: Searching for optional ST37 footprint in D:/Code/VNTR-65/Hardware/PCB/VNTR-65.kicad_pcb
DEBUG: board_modifier.py:89: Footprint not found
DEBUG: key_placer.py:934: Placing additional elements for U25
DEBUG: board_modifier.py:132: Getting U25 footprint position: (42862500, 57150000)
DEBUG: board_modifier.py:84: Searching for optional ST25 footprint in D:/Code/VNTR-65/Hardware/PCB/VNTR-65.kicad_pcb
DEBUG: board_modifier.py:89: Footprint not found
DEBUG: key_placer.py:934: Placing additional elements for U55
DEBUG: board_modifier.py:132: Getting U55 footprint position: (80962500, 95250000)
DEBUG: board_modifier.py:84: Searching for optional ST55 footprint in D:/Code/VNTR-65/Hardware/PCB/VNTR-65.kicad_pcb
DEBUG: board_modifier.py:89: Footprint not found
DEBUG: key_placer.py:934: Placing additional elements for U29
DEBUG: board_modifier.py:132: Getting U29 footprint position: (123825000, 57150000)
DEBUG: board_modifier.py:84: Searching for optional ST29 footprint in D:/Code/VNTR-65/Hardware/PCB/VNTR-65.kicad_pcb
DEBUG: board_modifier.py:89: Footprint not found
DEBUG: key_placer.py:934: Placing additional elements for U30
DEBUG: board_modifier.py:132: Getting U30 footprint position: (142875000, 57150000)
DEBUG: board_modifier.py:84: Searching for optional ST30 footprint in D:/Code/VNTR-65/Hardware/PCB/VNTR-65.kicad_pcb
DEBUG: board_modifier.py:89: Footprint not found
DEBUG: key_placer.py:934: Placing additional elements for U42
DEBUG: board_modifier.py:132: Getting U42 footprint position: (90487500, 76200000)
DEBUG: board_modifier.py:84: Searching for optional ST42 footprint in D:/Code/VNTR-65/Hardware/PCB/VNTR-65.kicad_pcb
DEBUG: board_modifier.py:89: Footprint not found
DEBUG: key_placer.py:934: Placing additional elements for U60
DEBUG: board_modifier.py:132: Getting U60 footprint position: (176212500, 95250000)
DEBUG: board_modifier.py:84: Searching for optional ST60 footprint in D:/Code/VNTR-65/Hardware/PCB/VNTR-65.kicad_pcb
DEBUG: board_modifier.py:89: Footprint not found
DEBUG: key_placer.py:934: Placing additional elements for U43
DEBUG: board_modifier.py:132: Getting U43 footprint position: (109537500, 76200000)
DEBUG: board_modifier.py:84: Searching for optional ST43 footprint in D:/Code/VNTR-65/Hardware/PCB/VNTR-65.kicad_pcb
DEBUG: board_modifier.py:89: Footprint not found
DEBUG: key_placer.py:934: Placing additional elements for U34
DEBUG: board_modifier.py:132: Getting U34 footprint position: (219075000, 57150000)
DEBUG: board_modifier.py:84: Searching for optional ST34 footprint in D:/Code/VNTR-65/Hardware/PCB/VNTR-65.kicad_pcb
DEBUG: board_modifier.py:89: Footprint not found
DEBUG: key_placer.py:934: Placing additional elements for U27
DEBUG: board_modifier.py:132: Getting U27 footprint position: (85725000, 57150000)
DEBUG: board_modifier.py:84: Searching for optional ST27 footprint in D:/Code/VNTR-65/Hardware/PCB/VNTR-65.kicad_pcb
DEBUG: board_modifier.py:89: Footprint not found
DEBUG: key_placer.py:934: Placing additional elements for U11
DEBUG: board_modifier.py:132: Getting U11 footprint position: (57150000, 38100000)
DEBUG: board_modifier.py:84: Searching for optional ST11 footprint in D:/Code/VNTR-65/Hardware/PCB/VNTR-65.kicad_pcb
DEBUG: board_modifier.py:89: Footprint not found
DEBUG: key_placer.py:934: Placing additional elements for U7
DEBUG: board_modifier.py:132: Getting U7 footprint position: (353850000, 71825000)
DEBUG: board_modifier.py:84: Searching for optional ST7 footprint in D:/Code/VNTR-65/Hardware/PCB/VNTR-65.kicad_pcb
DEBUG: board_modifier.py:89: Footprint not found
DEBUG: key_placer.py:934: Placing additional elements for U66
DEBUG: board_modifier.py:132: Getting U66 footprint position: (304800000, 95250000)
DEBUG: board_modifier.py:84: Searching for optional ST66 footprint in D:/Code/VNTR-65/Hardware/PCB/VNTR-65.kicad_pcb
DEBUG: board_modifier.py:89: Footprint not found
DEBUG: key_placer.py:934: Placing additional elements for U67
DEBUG: board_modifier.py:132: Getting U67 footprint position: (333375000, 95250000)
DEBUG: board_modifier.py:84: Searching for optional ST67 footprint in D:/Code/VNTR-65/Hardware/PCB/VNTR-65.kicad_pcb
DEBUG: board_modifier.py:89: Footprint not found
DEBUG: key_placer.py:934: Placing additional elements for U21
DEBUG: board_modifier.py:132: Getting U21 footprint position: (247650000, 38100000)
DEBUG: board_modifier.py:84: Searching for optional ST21 footprint in D:/Code/VNTR-65/Hardware/PCB/VNTR-65.kicad_pcb
DEBUG: board_modifier.py:89: Footprint not found
DEBUG: key_placer.py:934: Placing additional elements for U48
DEBUG: board_modifier.py:132: Getting U48 footprint position: (204787500, 76200000)
DEBUG: board_modifier.py:84: Searching for optional ST48 footprint in D:/Code/VNTR-65/Hardware/PCB/VNTR-65.kicad_pcb
DEBUG: board_modifier.py:89: Footprint not found
DEBUG: key_placer.py:934: Placing additional elements for U57
DEBUG: board_modifier.py:132: Getting U57 footprint position: (119062500, 95250000)
DEBUG: board_modifier.py:84: Searching for optional ST57 footprint in D:/Code/VNTR-65/Hardware/PCB/VNTR-65.kicad_pcb
DEBUG: board_modifier.py:89: Footprint not found
DEBUG: key_placer.py:934: Placing additional elements for U39
DEBUG: board_modifier.py:132: Getting U39 footprint position: (333375000, 57150000)
DEBUG: board_modifier.py:84: Searching for optional ST39 footprint in D:/Code/VNTR-65/Hardware/PCB/VNTR-65.kicad_pcb
DEBUG: board_modifier.py:89: Footprint not found
DEBUG: key_placer.py:934: Placing additional elements for U73
DEBUG: board_modifier.py:132: Getting U73 footprint position: (247650000, 114300000)
DEBUG: board_modifier.py:84: Searching for optional ST73 footprint in D:/Code/VNTR-65/Hardware/PCB/VNTR-65.kicad_pcb
DEBUG: board_modifier.py:89: Footprint not found
DEBUG: key_placer.py:934: Placing additional elements for U58
DEBUG: board_modifier.py:132: Getting U58 footprint position: (138112500, 95250000)
DEBUG: board_modifier.py:84: Searching for optional ST58 footprint in D:/Code/VNTR-65/Hardware/PCB/VNTR-65.kicad_pcb
DEBUG: board_modifier.py:89: Footprint not found
DEBUG: key_placer.py:934: Placing additional elements for U13
DEBUG: board_modifier.py:132: Getting U13 footprint position: (95250000, 38100000)
DEBUG: board_modifier.py:84: Searching for optional ST13 footprint in D:/Code/VNTR-65/Hardware/PCB/VNTR-65.kicad_pcb
DEBUG: board_modifier.py:89: Footprint not found
DEBUG: key_placer.py:934: Placing additional elements for U78
DEBUG: board_modifier.py:132: Getting U78 footprint position: (309455000, 17850000)
DEBUG: board_modifier.py:84: Searching for optional ST78 footprint in D:/Code/VNTR-65/Hardware/PCB/VNTR-65.kicad_pcb
DEBUG: board_modifier.py:89: Footprint not found
DEBUG: key_placer.py:934: Placing additional elements for U45
DEBUG: board_modifier.py:132: Getting U45 footprint position: (147637500, 76200000)
DEBUG: board_modifier.py:84: Searching for optional ST45 footprint in D:/Code/VNTR-65/Hardware/PCB/VNTR-65.kicad_pcb
DEBUG: board_modifier.py:89: Footprint not found
DEBUG: key_placer.py:934: Placing additional elements for U20
DEBUG: board_modifier.py:132: Getting U20 footprint position: (228600000, 38100000)
DEBUG: board_modifier.py:84: Searching for optional ST20 footprint in D:/Code/VNTR-65/Hardware/PCB/VNTR-65.kicad_pcb
DEBUG: board_modifier.py:89: Footprint not found
DEBUG: key_placer.py:934: Placing additional elements for U54
DEBUG: board_modifier.py:132: Getting U54 footprint position: (50006250, 95250000)
DEBUG: board_modifier.py:84: Searching for optional ST54 footprint in D:/Code/VNTR-65/Hardware/PCB/VNTR-65.kicad_pcb
DEBUG: board_modifier.py:89: Footprint not found
DEBUG: key_placer.py:934: Placing additional elements for U63
DEBUG: board_modifier.py:132: Getting U63 footprint position: (233362500, 95250000)
DEBUG: board_modifier.py:84: Searching for optional ST63 footprint in D:/Code/VNTR-65/Hardware/PCB/VNTR-65.kicad_pcb
DEBUG: board_modifier.py:89: Footprint not found
DEBUG: key_placer.py:934: Placing additional elements for U36
DEBUG: board_modifier.py:132: Getting U36 footprint position: (257175000, 57150000)
DEBUG: board_modifier.py:84: Searching for optional ST36 footprint in D:/Code/VNTR-65/Hardware/PCB/VNTR-65.kicad_pcb
DEBUG: board_modifier.py:89: Footprint not found
DEBUG: key_placer.py:934: Placing additional elements for U65
DEBUG: board_modifier.py:132: Getting U65 footprint position: (278606250, 95250000)
DEBUG: board_modifier.py:84: Searching for optional ST65 footprint in D:/Code/VNTR-65/Hardware/PCB/VNTR-65.kicad_pcb
DEBUG: board_modifier.py:89: Footprint not found
DEBUG: key_placer.py:934: Placing additional elements for U10
DEBUG: board_modifier.py:132: Getting U10 footprint position: (38100000, 38100000)
DEBUG: board_modifier.py:84: Searching for optional ST10 footprint in D:/Code/VNTR-65/Hardware/PCB/VNTR-65.kicad_pcb
DEBUG: board_modifier.py:89: Footprint not found
DEBUG: key_placer.py:934: Placing additional elements for U2
DEBUG: board_modifier.py:132: Getting U2 footprint position: (180840000, 17160000)
DEBUG: board_modifier.py:84: Searching for optional ST2 footprint in D:/Code/VNTR-65/Hardware/PCB/VNTR-65.kicad_pcb
DEBUG: board_modifier.py:89: Footprint not found
DEBUG: key_placer.py:934: Placing additional elements for U70
DEBUG: board_modifier.py:132: Getting U70 footprint position: (88106250, 114300000)
DEBUG: board_modifier.py:84: Searching for optional ST70 footprint in D:/Code/VNTR-65/Hardware/PCB/VNTR-65.kicad_pcb
DEBUG: board_modifier.py:89: Footprint not found
DEBUG: key_placer.py:934: Placing additional elements for U35
DEBUG: board_modifier.py:132: Getting U35 footprint position: (238125000, 57150000)
DEBUG: board_modifier.py:84: Searching for optional ST35 footprint in D:/Code/VNTR-65/Hardware/PCB/VNTR-65.kicad_pcb
DEBUG: board_modifier.py:89: Footprint not found
DEBUG: key_placer.py:934: Placing additional elements for U71
DEBUG: board_modifier.py:132: Getting U71 footprint position: (159543750, 114300000)
DEBUG: board_modifier.py:84: Searching for optional ST71 footprint in D:/Code/VNTR-65/Hardware/PCB/VNTR-65.kicad_pcb
DEBUG: board_modifier.py:89: Footprint not found
DEBUG: key_placer.py:934: Placing additional elements for U18
DEBUG: board_modifier.py:132: Getting U18 footprint position: (190500000, 38100000)
DEBUG: board_modifier.py:84: Searching for optional ST18 footprint in D:/Code/VNTR-65/Hardware/PCB/VNTR-65.kicad_pcb
DEBUG: board_modifier.py:89: Footprint not found
DEBUG: key_placer.py:934: Placing additional elements for U59
DEBUG: board_modifier.py:132: Getting U59 footprint position: (157162500, 95250000)
DEBUG: board_modifier.py:84: Searching for optional ST59 footprint in D:/Code/VNTR-65/Hardware/PCB/VNTR-65.kicad_pcb
DEBUG: board_modifier.py:89: Footprint not found
DEBUG: key_placer.py:934: Placing additional elements for U72
DEBUG: board_modifier.py:132: Getting U72 footprint position: (228600000, 114300000)
DEBUG: board_modifier.py:84: Searching for optional ST72 footprint in D:/Code/VNTR-65/Hardware/PCB/VNTR-65.kicad_pcb
DEBUG: board_modifier.py:89: Footprint not found
